<?xml version="1.0" encoding="UTF-8"?>
<!-- Generated by org.testng.reporters.JUnitXMLReporter -->
<testsuite hostname="2016-20170509XS" ignored="0" name="Test" tests="1" failures="1" timestamp="16 八月 2017 06:18:37 GMT" time="56.961" errors="0">
  <testcase name="login" time="28.057" classname="com.icarbonx.testcase.LoginTestCase">
    <failure type="java.lang.reflect.UndeclaredThrowableException">
      <![CDATA[java.lang.reflect.UndeclaredThrowableException
	at com.sun.proxy.$Proxy25.afterClickOn(Unknown Source)
	at io.appium.java_client.events.DefaultListener.afterClickOn(DefaultListener.java:104)
	at io.appium.java_client.events.DefaultAspect.afterClickOn(DefaultAspect.java:309)
	at org.springframework.aop.aspectj.AbstractAspectJAdvice.invokeAdviceMethodWithGivenArgs(AbstractAspectJAdvice.java:629)
	at org.springframework.aop.aspectj.AbstractAspectJAdvice.invokeAdviceMethod(AbstractAspectJAdvice.java:611)
	at org.springframework.aop.aspectj.AspectJAfterAdvice.invoke(AspectJAfterAdvice.java:50)
	at org.springframework.aop.framework.ReflectiveMethodInvocation.proceed(ReflectiveMethodInvocation.java:179)
	at org.springframework.aop.interceptor.ExposeInvocationInterceptor.invoke(ExposeInvocationInterceptor.java:92)
	at org.springframework.aop.framework.ReflectiveMethodInvocation.proceed(ReflectiveMethodInvocation.java:179)
	at org.springframework.aop.framework.CglibAopProxy$DynamicAdvisedInterceptor.intercept(CglibAopProxy.java:656)
	at io.appium.java_client.android.AndroidElement$$EnhancerBySpringCGLIB$$47ac27.click(<generated>)
	at org.openqa.selenium.support.pagefactory.internal.LocatingElementHandler.invoke(LocatingElementHandler.java:51)
	at com.sun.proxy.$Proxy28.click(Unknown Source)
	at com.icarbonx.uiautoutils.Operate.click(Operate.java:366)
	at com.icarbonx.page.LoginPage.login(LoginPage.java:36)
	at com.icarbonx.testcase.LoginTestCase.login(LoginTestCase.java:47)
	at io.appium.java_client.events.ListenerInvocationHandler.invoke(ListenerInvocationHandler.java:46)
	... 49 more
Caused by: org.openqa.selenium.NoSuchElementException: An element could not be located on the page using the given search parameters. (WARNING: The server did not provide any stacktrace information)
Command duration or timeout: 12.30 seconds
For documentation on this error, please visit: http://seleniumhq.org/exceptions/no_such_element.html
Build info: version: '3.0.1', revision: '1969d75', time: '2016-10-18 09:49:13 -0700'
System info: host: '2016-20170509XS', ip: '10.0.66.176', os.name: 'Windows 7', os.arch: 'amd64', os.version: '6.1', java.version: '1.8.0_131'
Driver info: io.appium.java_client.android.AndroidDriver
Capabilities [{appPackage=com.icarbonx.meum, noReset=true, deviceName=CQG64DOJCUBAV86S, platform=LINUX, deviceUDID=CQG64DOJCUBAV86S, desired={appPackage=com.icarbonx.meum, setWebContentsDebuggingEnabled=True, noReset=true, noSign=true, deviceName=Android Emulator, appActivity=.module.main.MainActivity, browserName=, unicodeKeyboard=true, sessionOverride=true, platformName=Android, udid=CQG64DOJCUBAV86S, device=Selendroid, resetKeyboard=true}, platformVersion=6.0, webStorageEnabled=false, takesScreenshot=true, browserName=, javascriptEnabled=true, unicodeKeyboard=true, platformName=Android, udid=CQG64DOJCUBAV86S, deviceManufacturer=vivo, resetKeyboard=true, deviceScreenSize=720x1280, networkConnectionEnabled=true, setWebContentsDebuggingEnabled=True, noSign=true, warnings={}, databaseEnabled=false, appActivity=.module.main.MainActivity, locationContextEnabled=false, deviceModel=vivo Y67, sessionOverride=true, device=Selendroid}]
Session ID: a367b480-f4ac-4516-9db1-0590137c1483
	at org.openqa.selenium.remote.ErrorHandler.createThrowable(ErrorHandler.java:216)
	at org.openqa.selenium.remote.ErrorHandler.throwIfResponseFailed(ErrorHandler.java:168)
	at org.openqa.selenium.remote.RemoteWebDriver.execute(RemoteWebDriver.java:635)
	at io.appium.java_client.DefaultGenericMobileDriver.execute(DefaultGenericMobileDriver.java:42)
	at io.appium.java_client.AppiumDriver.execute(AppiumDriver.java:1)
	at io.appium.java_client.android.AndroidDriver.execute(AndroidDriver.java:1)
	at org.openqa.selenium.remote.RemoteWebElement.execute(RemoteWebElement.java:274)
	at io.appium.java_client.DefaultGenericMobileElement.execute(DefaultGenericMobileElement.java:45)
	at io.appium.java_client.MobileElement.execute(MobileElement.java:1)
	at io.appium.java_client.android.AndroidElement.execute(AndroidElement.java:1)
	at org.openqa.selenium.remote.RemoteWebElement.getText(RemoteWebElement.java:158)
	at com.icarbonx.eventlistener.ElementListener.splitElementText(ElementListener.java:50)
	at com.icarbonx.eventlistener.ElementListener.afterClickOn(ElementListener.java:20)
	... 54 more
... Removed 42 stack frames]]>
    </failure>
  </testcase> <!-- login -->
</testsuite> <!-- Test -->
