<?xml version="1.0" encoding="UTF-8"?>
<!-- Generated by org.testng.reporters.JUnitXMLReporter -->
<testsuite hostname="2016-20170509XS" ignored="0" name="Test" tests="1" failures="1" timestamp="09 八月 2017 03:00:58 GMT" time="83.457" errors="0">
  <testcase name="login" time="41.205" classname="com.icarbonx.testcase.LoginTestCase">
    <failure type="java.lang.StringIndexOutOfBoundsException" message="String index out of range: -1">
      <![CDATA[java.lang.StringIndexOutOfBoundsException: String index out of range: -1
	at java.lang.String.substring(String.java:1927)
	at com.icarbonx.uiautoutils.Operate.sendKeys(Operate.java:378)
	at com.icarbonx.page.LoginPage.login(LoginPage.java:34)
	at com.icarbonx.testcase.LoginTestCase.login(LoginTestCase.java:42)
... Removed 28 stack frames]]>
    </failure>
  </testcase> <!-- login -->
</testsuite> <!-- Test -->
