<?xml version="1.0" encoding="UTF-8"?>
<testng-results skipped="0" failed="1" ignored="0" total="1" passed="0">
  <reporter-output>
    <line>
      <![CDATA[2017-08-16 14:17:40 : [INFO] 连接appium服务器]]>
    </line>
    <line>
      <![CDATA[2017-08-16 14:18:06 : [INFO] [输入字符 -> id: com.icarbonx.meum:id/etPhone]]]>
    </line>
    <line>
      <![CDATA[2017-08-16 14:18:06 : [INFO] 输入之前控制字符为:输入手机号]]>
    </line>
    <line>
      <![CDATA[2017-08-16 14:18:11 : [INFO] 输入之后控制字符为:130 8888 4762]]>
    </line>
    <line>
      <![CDATA[2017-08-16 14:18:12 : [INFO] [输入字符 -> id: com.icarbonx.meum:id/etVerify]]]>
    </line>
    <line>
      <![CDATA[2017-08-16 14:18:12 : [INFO] 输入之前控制字符为:获取验证码]]>
    </line>
    <line>
      <![CDATA[2017-08-16 14:18:17 : [INFO] 输入之后控制字符为:8888]]>
    </line>
    <line>
      <![CDATA[2017-08-16 14:18:17 : [INFO] [点击 -> id: com.icarbonx.meum:id/btn_login]]]>
    </line>
    <line>
      <![CDATA[2017-08-16 14:18:17 : [INFO] 准备点击 登 录]]>
    </line>
  </reporter-output>
  <suite name="Suite" duration-ms="56961" started-at="2017-08-16T06:17:40Z" finished-at="2017-08-16T06:18:37Z">
    <groups>
    </groups>
    <test name="Test" duration-ms="56961" started-at="2017-08-16T06:17:40Z" finished-at="2017-08-16T06:18:37Z">
      <class name="com.icarbonx.testcase.LoginTestCase">
        <test-method status="PASS" signature="setUp()[pri:0, instance:com.icarbonx.testcase.LoginTestCase@3108bc]" name="setUp" is-config="true" duration-ms="22463" started-at="2017-08-16T14:17:40Z" finished-at="2017-08-16T14:18:02Z">
          <reporter-output>
            <line>
              <![CDATA[2017-08-16 14:17:40 : [INFO] 连接appium服务器]]>
            </line>
          </reporter-output>
        </test-method> <!-- setUp -->
        <test-method status="FAIL" signature="login()[pri:0, instance:com.icarbonx.testcase.LoginTestCase@3108bc]" name="login" duration-ms="28057" started-at="2017-08-16T14:18:02Z" finished-at="2017-08-16T14:18:30Z">
          <exception class="java.lang.reflect.UndeclaredThrowableException">
            <full-stacktrace>
              <![CDATA[java.lang.reflect.UndeclaredThrowableException
	at com.sun.proxy.$Proxy25.afterClickOn(Unknown Source)
	at io.appium.java_client.events.DefaultListener.afterClickOn(DefaultListener.java:104)
	at io.appium.java_client.events.DefaultAspect.afterClickOn(DefaultAspect.java:309)
	at sun.reflect.NativeMethodAccessorImpl.invoke0(Native Method)
	at sun.reflect.NativeMethodAccessorImpl.invoke(NativeMethodAccessorImpl.java:62)
	at sun.reflect.DelegatingMethodAccessorImpl.invoke(DelegatingMethodAccessorImpl.java:43)
	at java.lang.reflect.Method.invoke(Method.java:498)
	at org.springframework.aop.aspectj.AbstractAspectJAdvice.invokeAdviceMethodWithGivenArgs(AbstractAspectJAdvice.java:629)
	at org.springframework.aop.aspectj.AbstractAspectJAdvice.invokeAdviceMethod(AbstractAspectJAdvice.java:611)
	at org.springframework.aop.aspectj.AspectJAfterAdvice.invoke(AspectJAfterAdvice.java:50)
	at org.springframework.aop.framework.ReflectiveMethodInvocation.proceed(ReflectiveMethodInvocation.java:179)
	at org.springframework.aop.interceptor.ExposeInvocationInterceptor.invoke(ExposeInvocationInterceptor.java:92)
	at org.springframework.aop.framework.ReflectiveMethodInvocation.proceed(ReflectiveMethodInvocation.java:179)
	at org.springframework.aop.framework.CglibAopProxy$DynamicAdvisedInterceptor.intercept(CglibAopProxy.java:656)
	at io.appium.java_client.android.AndroidElement$$EnhancerBySpringCGLIB$$47ac27.click(<generated>)
	at sun.reflect.NativeMethodAccessorImpl.invoke0(Native Method)
	at sun.reflect.NativeMethodAccessorImpl.invoke(NativeMethodAccessorImpl.java:62)
	at sun.reflect.DelegatingMethodAccessorImpl.invoke(DelegatingMethodAccessorImpl.java:43)
	at java.lang.reflect.Method.invoke(Method.java:498)
	at org.openqa.selenium.support.pagefactory.internal.LocatingElementHandler.invoke(LocatingElementHandler.java:51)
	at com.sun.proxy.$Proxy28.click(Unknown Source)
	at com.icarbonx.uiautoutils.Operate.click(Operate.java:366)
	at com.icarbonx.page.LoginPage.login(LoginPage.java:36)
	at com.icarbonx.testcase.LoginTestCase.login(LoginTestCase.java:47)
	at sun.reflect.NativeMethodAccessorImpl.invoke0(Native Method)
	at sun.reflect.NativeMethodAccessorImpl.invoke(NativeMethodAccessorImpl.java:62)
	at sun.reflect.DelegatingMethodAccessorImpl.invoke(DelegatingMethodAccessorImpl.java:43)
	at java.lang.reflect.Method.invoke(Method.java:498)
	at org.testng.internal.MethodInvocationHelper.invokeMethod(MethodInvocationHelper.java:108)
	at org.testng.internal.Invoker.invokeMethod(Invoker.java:661)
	at org.testng.internal.Invoker.invokeTestMethod(Invoker.java:869)
	at org.testng.internal.Invoker.invokeTestMethods(Invoker.java:1193)
	at org.testng.internal.TestMethodWorker.invokeTestMethods(TestMethodWorker.java:126)
	at org.testng.internal.TestMethodWorker.run(TestMethodWorker.java:109)
	at org.testng.TestRunner.privateRun(TestRunner.java:744)
	at org.testng.TestRunner.run(TestRunner.java:602)
	at org.testng.SuiteRunner.runTest(SuiteRunner.java:380)
	at org.testng.SuiteRunner.runSequentially(SuiteRunner.java:375)
	at org.testng.SuiteRunner.privateRun(SuiteRunner.java:340)
	at org.testng.SuiteRunner.run(SuiteRunner.java:289)
	at org.testng.SuiteRunnerWorker.runSuite(SuiteRunnerWorker.java:52)
	at org.testng.SuiteRunnerWorker.run(SuiteRunnerWorker.java:86)
	at org.testng.TestNG.runSuitesSequentially(TestNG.java:1301)
	at org.testng.TestNG.runSuitesLocally(TestNG.java:1226)
	at org.testng.TestNG.runSuites(TestNG.java:1144)
	at org.testng.TestNG.run(TestNG.java:1115)
	at org.testng.remote.AbstractRemoteTestNG.run(AbstractRemoteTestNG.java:132)
	at org.testng.remote.RemoteTestNG.initAndRun(RemoteTestNG.java:230)
	at org.testng.remote.RemoteTestNG.main(RemoteTestNG.java:76)
Caused by: java.lang.reflect.InvocationTargetException
	at sun.reflect.NativeMethodAccessorImpl.invoke0(Native Method)
	at sun.reflect.NativeMethodAccessorImpl.invoke(NativeMethodAccessorImpl.java:62)
	at sun.reflect.DelegatingMethodAccessorImpl.invoke(DelegatingMethodAccessorImpl.java:43)
	at java.lang.reflect.Method.invoke(Method.java:498)
	at io.appium.java_client.events.ListenerInvocationHandler.invoke(ListenerInvocationHandler.java:46)
	... 49 more
Caused by: org.openqa.selenium.NoSuchElementException: An element could not be located on the page using the given search parameters. (WARNING: The server did not provide any stacktrace information)
Command duration or timeout: 12.30 seconds
For documentation on this error, please visit: http://seleniumhq.org/exceptions/no_such_element.html
Build info: version: '3.0.1', revision: '1969d75', time: '2016-10-18 09:49:13 -0700'
System info: host: '2016-20170509XS', ip: '10.0.66.176', os.name: 'Windows 7', os.arch: 'amd64', os.version: '6.1', java.version: '1.8.0_131'
Driver info: io.appium.java_client.android.AndroidDriver
Capabilities [{appPackage=com.icarbonx.meum, noReset=true, deviceName=CQG64DOJCUBAV86S, platform=LINUX, deviceUDID=CQG64DOJCUBAV86S, desired={appPackage=com.icarbonx.meum, setWebContentsDebuggingEnabled=True, noReset=true, noSign=true, deviceName=Android Emulator, appActivity=.module.main.MainActivity, browserName=, unicodeKeyboard=true, sessionOverride=true, platformName=Android, udid=CQG64DOJCUBAV86S, device=Selendroid, resetKeyboard=true}, platformVersion=6.0, webStorageEnabled=false, takesScreenshot=true, browserName=, javascriptEnabled=true, unicodeKeyboard=true, platformName=Android, udid=CQG64DOJCUBAV86S, deviceManufacturer=vivo, resetKeyboard=true, deviceScreenSize=720x1280, networkConnectionEnabled=true, setWebContentsDebuggingEnabled=True, noSign=true, warnings={}, databaseEnabled=false, appActivity=.module.main.MainActivity, locationContextEnabled=false, deviceModel=vivo Y67, sessionOverride=true, device=Selendroid}]
Session ID: a367b480-f4ac-4516-9db1-0590137c1483
	at sun.reflect.NativeConstructorAccessorImpl.newInstance0(Native Method)
	at sun.reflect.NativeConstructorAccessorImpl.newInstance(NativeConstructorAccessorImpl.java:62)
	at sun.reflect.DelegatingConstructorAccessorImpl.newInstance(DelegatingConstructorAccessorImpl.java:45)
	at java.lang.reflect.Constructor.newInstance(Constructor.java:423)
	at org.openqa.selenium.remote.ErrorHandler.createThrowable(ErrorHandler.java:216)
	at org.openqa.selenium.remote.ErrorHandler.throwIfResponseFailed(ErrorHandler.java:168)
	at org.openqa.selenium.remote.RemoteWebDriver.execute(RemoteWebDriver.java:635)
	at io.appium.java_client.DefaultGenericMobileDriver.execute(DefaultGenericMobileDriver.java:42)
	at io.appium.java_client.AppiumDriver.execute(AppiumDriver.java:1)
	at io.appium.java_client.android.AndroidDriver.execute(AndroidDriver.java:1)
	at org.openqa.selenium.remote.RemoteWebElement.execute(RemoteWebElement.java:274)
	at io.appium.java_client.DefaultGenericMobileElement.execute(DefaultGenericMobileElement.java:45)
	at io.appium.java_client.MobileElement.execute(MobileElement.java:1)
	at io.appium.java_client.android.AndroidElement.execute(AndroidElement.java:1)
	at org.openqa.selenium.remote.RemoteWebElement.getText(RemoteWebElement.java:158)
	at com.icarbonx.eventlistener.ElementListener.splitElementText(ElementListener.java:50)
	at com.icarbonx.eventlistener.ElementListener.afterClickOn(ElementListener.java:20)
	... 54 more
]]>
            </full-stacktrace>
          </exception> <!-- java.lang.reflect.UndeclaredThrowableException -->
          <reporter-output>
            <line>
              <![CDATA[2017-08-16 14:18:06 : [INFO] [输入字符 -> id: com.icarbonx.meum:id/etPhone]]]>
            </line>
            <line>
              <![CDATA[2017-08-16 14:18:06 : [INFO] 输入之前控制字符为:输入手机号]]>
            </line>
            <line>
              <![CDATA[2017-08-16 14:18:11 : [INFO] 输入之后控制字符为:130 8888 4762]]>
            </line>
            <line>
              <![CDATA[2017-08-16 14:18:12 : [INFO] [输入字符 -> id: com.icarbonx.meum:id/etVerify]]]>
            </line>
            <line>
              <![CDATA[2017-08-16 14:18:12 : [INFO] 输入之前控制字符为:获取验证码]]>
            </line>
            <line>
              <![CDATA[2017-08-16 14:18:17 : [INFO] 输入之后控制字符为:8888]]>
            </line>
            <line>
              <![CDATA[2017-08-16 14:18:17 : [INFO] [点击 -> id: com.icarbonx.meum:id/btn_login]]]>
            </line>
            <line>
              <![CDATA[2017-08-16 14:18:17 : [INFO] 准备点击 登 录]]>
            </line>
          </reporter-output>
        </test-method> <!-- login -->
        <test-method status="PASS" signature="tearUp()[pri:0, instance:com.icarbonx.testcase.LoginTestCase@3108bc]" name="tearUp" is-config="true" duration-ms="6418" started-at="2017-08-16T14:18:30Z" finished-at="2017-08-16T14:18:37Z">
          <reporter-output>
          </reporter-output>
        </test-method> <!-- tearUp -->
      </class> <!-- com.icarbonx.testcase.LoginTestCase -->
    </test> <!-- Test -->
  </suite> <!-- Suite -->
</testng-results>
